<?xml version="1.0" encoding="UTF-8"?>
<!-- Generated by org.testng.reporters.JUnitReportReporter -->
<testsuite hostname="LIXUERUI" name="com.employee.TestEmployeeDetails" tests="2" failures="0" timestamp="19 Sep 2014 04:16:11 GMT" time="0.017" errors="0">
  <testcase name="testCalculateYearlySalary" time="0.001" classname="com.employee.TestEmployeeDetails"/>
  <testcase name="testCalculateAppriasal" time="0.016" classname="com.employee.TestEmployeeDetails"/>
</testsuite> <!-- com.employee.TestEmployeeDetails -->
